<?xml version="1.0" encoding="UTF-8"?>
<robot generator="Robot 4.1.3 (Python 3.10.2 on darwin)" generated="20220218 00:39:57.915" rpa="false" schemaversion="2">
<suite id="s1" name="Robtest" source="/Users/makzibs/testproject/robtest.robot">
<test id="s1-t1" name="SampleLoginTest">
<kw name="Open Browser" library="SeleniumLibrary">
<arg>https://www.demoblaze.com/</arg>
<arg>chrome</arg>
<doc>Opens a new browser instance to the optional ``url``.</doc>
<msg timestamp="20220218 00:39:58.092" level="INFO">Opening browser 'chrome' to base url 'https://www.demoblaze.com/'.</msg>
<status status="PASS" starttime="20220218 00:39:58.091" endtime="20220218 00:40:01.514"/>
</kw>
<kw name="Maximize Browser Window" library="SeleniumLibrary">
<doc>Maximizes current browser window.</doc>
<status status="PASS" starttime="20220218 00:40:01.515" endtime="20220218 00:40:01.663"/>
</kw>
<kw name="Sleep" library="BuiltIn">
<arg>3s</arg>
<doc>Pauses the test executed for the given time.</doc>
<msg timestamp="20220218 00:40:04.664" level="INFO">Slept 3 seconds</msg>
<status status="PASS" starttime="20220218 00:40:01.663" endtime="20220218 00:40:04.664"/>
</kw>
<kw name="Click Element" library="SeleniumLibrary">
<arg>id:login2</arg>
<doc>Click the element identified by ``locator``.</doc>
<msg timestamp="20220218 00:40:04.666" level="INFO">Clicking element 'id:login2'.</msg>
<status status="PASS" starttime="20220218 00:40:04.665" endtime="20220218 00:40:04.719"/>
</kw>
<kw name="Sleep" library="BuiltIn">
<arg>3s</arg>
<doc>Pauses the test executed for the given time.</doc>
<msg timestamp="20220218 00:40:07.719" level="INFO">Slept 3 seconds</msg>
<status status="PASS" starttime="20220218 00:40:04.719" endtime="20220218 00:40:07.720"/>
</kw>
<kw name="Input Text" library="SeleniumLibrary">
<arg>//*[@id="loginusername"]</arg>
<arg>mak_anil</arg>
<doc>Types the given ``text`` into the text field identified by ``locator``.</doc>
<msg timestamp="20220218 00:40:07.721" level="INFO">Typing text 'mak_anil' into text field '//*[@id="loginusername"]'.</msg>
<status status="PASS" starttime="20220218 00:40:07.720" endtime="20220218 00:40:07.883"/>
</kw>
<kw name="Input Text" library="SeleniumLibrary">
<arg>id:loginpassword</arg>
<arg>anil1234</arg>
<doc>Types the given ``text`` into the text field identified by ``locator``.</doc>
<msg timestamp="20220218 00:40:07.883" level="INFO">Typing text 'anil1234' into text field 'id:loginpassword'.</msg>
<status status="PASS" starttime="20220218 00:40:07.883" endtime="20220218 00:40:07.967"/>
</kw>
<kw name="Click Button" library="SeleniumLibrary">
<arg>//*[@id="logInModal"]/div/div/div[3]/button[2]</arg>
<doc>Clicks the button identified by ``locator``.</doc>
<msg timestamp="20220218 00:40:07.967" level="INFO">Clicking button '//*[@id="logInModal"]/div/div/div[3]/button[2]'.</msg>
<status status="PASS" starttime="20220218 00:40:07.967" endtime="20220218 00:40:08.057"/>
</kw>
<kw name="Sleep" library="BuiltIn">
<arg>3s</arg>
<doc>Pauses the test executed for the given time.</doc>
<msg timestamp="20220218 00:40:11.058" level="INFO">Slept 3 seconds</msg>
<status status="PASS" starttime="20220218 00:40:08.057" endtime="20220218 00:40:11.058"/>
</kw>
<kw name="Click Element" library="SeleniumLibrary">
<arg>//*[@id="logout2"]</arg>
<doc>Click the element identified by ``locator``.</doc>
<msg timestamp="20220218 00:40:11.059" level="INFO">Clicking element '//*[@id="logout2"]'.</msg>
<status status="PASS" starttime="20220218 00:40:11.059" endtime="20220218 00:40:11.517"/>
</kw>
<kw name="Sleep" library="BuiltIn">
<arg>3s</arg>
<doc>Pauses the test executed for the given time.</doc>
<msg timestamp="20220218 00:40:14.519" level="INFO">Slept 3 seconds</msg>
<status status="PASS" starttime="20220218 00:40:11.517" endtime="20220218 00:40:14.519"/>
</kw>
<kw name="Close Browser" library="SeleniumLibrary">
<doc>Closes the current browser.</doc>
<status status="PASS" starttime="20220218 00:40:14.520" endtime="20220218 00:40:14.610"/>
</kw>
<doc>This is a simple login Test</doc>
<status status="PASS" starttime="20220218 00:39:58.091" endtime="20220218 00:40:14.611"/>
</test>
<status status="PASS" starttime="20220218 00:39:57.917" endtime="20220218 00:40:14.612"/>
</suite>
<statistics>
<total>
<stat pass="1" fail="0" skip="0">All Tests</stat>
</total>
<tag>
</tag>
<suite>
<stat pass="1" fail="0" skip="0" id="s1" name="Robtest">Robtest</stat>
</suite>
</statistics>
<errors>
</errors>
</robot>
